{"C:\\Users\\USER\\Desktop\\hexlet-shit\\bin\\gendiff.js": {"path":"C:\\Users\\USER\\Desktop\\hexlet-shit\\bin\\gendiff.js","all":true,"statementMap":{"0":{"start":{"line":1,"column":0},"end":{"line":1,"column":19}},"2":{"start":{"line":3,"column":0},"end":{"line":3,"column":36}},"4":{"start":{"line":5,"column":0},"end":{"line":5,"column":62}},"5":{"start":{"line":6,"column":0},"end":{"line":6,"column":84}},"6":{"start":{"line":7,"column":0},"end":{"line":7,"column":38}},"8":{"start":{"line":9,"column":0},"end":{"line":9,"column":7}},"9":{"start":{"line":10,"column":0},"end":{"line":10,"column":19}},"10":{"start":{"line":11,"column":0},"end":{"line":11,"column":39}},"11":{"start":{"line":12,"column":0},"end":{"line":12,"column":74}},"12":{"start":{"line":13,"column":0},"end":{"line":13,"column":93}},"13":{"start":{"line":14,"column":0},"end":{"line":14,"column":29}},"14":{"start":{"line":15,"column":0},"end":{"line":15,"column":31}},"15":{"start":{"line":16,"column":0},"end":{"line":16,"column":62}},"16":{"start":{"line":17,"column":0},"end":{"line":17,"column":62}},"17":{"start":{"line":18,"column":0},"end":{"line":18,"column":4}},"18":{"start":{"line":19,"column":0},"end":{"line":19,"column":23}}},"s":{"0":0,"2":0,"4":0,"5":0,"6":0,"8":0,"9":0,"10":0,"11":0,"12":0,"13":0,"14":0,"15":0,"16":0,"17":0,"18":0},"branchMap":{"0":{"type":"branch","line":1,"loc":{"start":{"line":1,"column":0},"end":{"line":19,"column":-129}},"locations":[{"start":{"line":1,"column":0},"end":{"line":19,"column":-129}}]}},"b":{"0":[0]},"fnMap":{"0":{"name":"(empty-report)","decl":{"start":{"line":1,"column":0},"end":{"line":19,"column":-129}},"loc":{"start":{"line":1,"column":0},"end":{"line":19,"column":-129}},"line":1}},"f":{"0":0}}
,"C:\\Users\\USER\\Desktop\\hexlet-shit\\src\\index.js": {"path":"C:\\Users\\USER\\Desktop\\hexlet-shit\\src\\index.js","all":false,"statementMap":{"0":{"start":{"line":1,"column":0},"end":{"line":1,"column":20}},"1":{"start":{"line":2,"column":0},"end":{"line":2,"column":24}},"2":{"start":{"line":3,"column":0},"end":{"line":3,"column":61}},"3":{"start":{"line":4,"column":0},"end":{"line":4,"column":43}},"4":{"start":{"line":5,"column":0},"end":{"line":5,"column":38}},"5":{"start":{"line":6,"column":0},"end":{"line":6,"column":33}},"6":{"start":{"line":7,"column":0},"end":{"line":7,"column":58}},"7":{"start":{"line":8,"column":0},"end":{"line":8,"column":41}},"9":{"start":{"line":10,"column":0},"end":{"line":10,"column":74}},"10":{"start":{"line":11,"column":0},"end":{"line":11,"column":75}},"11":{"start":{"line":12,"column":0},"end":{"line":12,"column":68}},"12":{"start":{"line":13,"column":0},"end":{"line":13,"column":31}},"13":{"start":{"line":14,"column":0},"end":{"line":14,"column":29}},"14":{"start":{"line":15,"column":0},"end":{"line":15,"column":69}},"16":{"start":{"line":17,"column":0},"end":{"line":17,"column":59}},"17":{"start":{"line":18,"column":0},"end":{"line":18,"column":21}},"18":{"start":{"line":19,"column":0},"end":{"line":19,"column":29}},"19":{"start":{"line":20,"column":0},"end":{"line":20,"column":21}},"20":{"start":{"line":21,"column":0},"end":{"line":21,"column":69}},"21":{"start":{"line":22,"column":0},"end":{"line":22,"column":81}},"22":{"start":{"line":23,"column":0},"end":{"line":23,"column":98}},"24":{"start":{"line":25,"column":0},"end":{"line":25,"column":46}},"25":{"start":{"line":26,"column":0},"end":{"line":26,"column":46}},"27":{"start":{"line":28,"column":0},"end":{"line":28,"column":47}},"28":{"start":{"line":29,"column":0},"end":{"line":29,"column":35}},"29":{"start":{"line":30,"column":0},"end":{"line":30,"column":42}},"30":{"start":{"line":31,"column":0},"end":{"line":31,"column":2}},"32":{"start":{"line":33,"column":0},"end":{"line":33,"column":23}}},"s":{"0":1,"1":1,"2":1,"3":1,"4":1,"5":1,"6":1,"7":1,"9":1,"10":1,"11":1,"12":1,"13":1,"14":1,"16":1,"17":15,"18":15,"19":15,"20":15,"21":15,"22":15,"24":15,"25":15,"27":15,"28":15,"29":15,"30":15,"32":1},"branchMap":{"0":{"type":"branch","line":10,"loc":{"start":{"line":10,"column":22},"end":{"line":10,"column":73}},"locations":[{"start":{"line":10,"column":22},"end":{"line":10,"column":73}}]},"1":{"type":"branch","line":12,"loc":{"start":{"line":12,"column":22},"end":{"line":12,"column":67}},"locations":[{"start":{"line":12,"column":22},"end":{"line":12,"column":67}}]},"2":{"type":"branch","line":14,"loc":{"start":{"line":14,"column":16},"end":{"line":15,"column":68}},"locations":[{"start":{"line":14,"column":16},"end":{"line":15,"column":68}}]},"3":{"type":"branch","line":17,"loc":{"start":{"line":17,"column":16},"end":{"line":31,"column":2}},"locations":[{"start":{"line":17,"column":16},"end":{"line":31,"column":2}}]}},"b":{"0":[30],"1":[30],"2":[30],"3":[15]},"fnMap":{"0":{"name":"buildFullPath","decl":{"start":{"line":10,"column":22},"end":{"line":10,"column":73}},"loc":{"start":{"line":10,"column":22},"end":{"line":10,"column":73}},"line":10},"1":{"name":"extractFormat","decl":{"start":{"line":12,"column":22},"end":{"line":12,"column":67}},"loc":{"start":{"line":12,"column":22},"end":{"line":12,"column":67}},"line":12},"2":{"name":"getData","decl":{"start":{"line":14,"column":16},"end":{"line":15,"column":68}},"loc":{"start":{"line":14,"column":16},"end":{"line":15,"column":68}},"line":14},"3":{"name":"genDiff","decl":{"start":{"line":17,"column":16},"end":{"line":31,"column":2}},"loc":{"start":{"line":17,"column":16},"end":{"line":31,"column":2}},"line":17}},"f":{"0":30,"1":30,"2":30,"3":15}}
,"C:\\Users\\USER\\Desktop\\hexlet-shit\\src\\parsers.js": {"path":"C:\\Users\\USER\\Desktop\\hexlet-shit\\src\\parsers.js","all":false,"statementMap":{"0":{"start":{"line":1,"column":0},"end":{"line":1,"column":27}},"2":{"start":{"line":3,"column":0},"end":{"line":3,"column":73}},"3":{"start":{"line":4,"column":0},"end":{"line":4,"column":67}},"4":{"start":{"line":5,"column":0},"end":{"line":5,"column":54}},"5":{"start":{"line":6,"column":0},"end":{"line":6,"column":17}},"6":{"start":{"line":7,"column":0},"end":{"line":7,"column":19}},"7":{"start":{"line":8,"column":0},"end":{"line":8,"column":18}},"8":{"start":{"line":9,"column":0},"end":{"line":9,"column":17}},"9":{"start":{"line":10,"column":0},"end":{"line":10,"column":2}},"11":{"start":{"line":12,"column":0},"end":{"line":12,"column":69}},"12":{"start":{"line":13,"column":0},"end":{"line":13,"column":59}},"13":{"start":{"line":14,"column":0},"end":{"line":14,"column":55}}},"s":{"0":1,"2":1,"3":1,"4":1,"5":1,"6":1,"7":1,"8":1,"9":1,"11":1,"12":1,"13":1},"branchMap":{"0":{"type":"branch","line":14,"loc":{"start":{"line":14,"column":15},"end":{"line":14,"column":54}},"locations":[{"start":{"line":14,"column":15},"end":{"line":14,"column":54}}]}},"b":{"0":[30]},"fnMap":{"0":{"name":"__vite_ssr_export_default__","decl":{"start":{"line":14,"column":15},"end":{"line":14,"column":54}},"loc":{"start":{"line":14,"column":15},"end":{"line":14,"column":54}},"line":14}},"f":{"0":30}}
,"C:\\Users\\USER\\Desktop\\hexlet-shit\\src\\treeBuilder.js": {"path":"C:\\Users\\USER\\Desktop\\hexlet-shit\\src\\treeBuilder.js","all":false,"statementMap":{"0":{"start":{"line":1,"column":0},"end":{"line":1,"column":23}},"2":{"start":{"line":3,"column":0},"end":{"line":3,"column":71}},"3":{"start":{"line":4,"column":0},"end":{"line":4,"column":71}},"4":{"start":{"line":5,"column":0},"end":{"line":5,"column":64}},"6":{"start":{"line":7,"column":0},"end":{"line":7,"column":89}},"7":{"start":{"line":8,"column":0},"end":{"line":8,"column":46}},"8":{"start":{"line":9,"column":0},"end":{"line":9,"column":88}},"9":{"start":{"line":10,"column":0},"end":{"line":10,"column":37}},"10":{"start":{"line":11,"column":0},"end":{"line":11,"column":74}},"11":{"start":{"line":12,"column":0},"end":{"line":12,"column":48}},"12":{"start":{"line":13,"column":0},"end":{"line":13,"column":63}},"13":{"start":{"line":14,"column":0},"end":{"line":14,"column":38}},"14":{"start":{"line":15,"column":0},"end":{"line":15,"column":36}},"15":{"start":{"line":16,"column":0},"end":{"line":16,"column":40}},"16":{"start":{"line":17,"column":0},"end":{"line":17,"column":29}},"17":{"start":{"line":18,"column":0},"end":{"line":18,"column":46}},"18":{"start":{"line":19,"column":0},"end":{"line":19,"column":57}},"19":{"start":{"line":20,"column":0},"end":{"line":20,"column":55}},"20":{"start":{"line":21,"column":0},"end":{"line":21,"column":5}},"22":{"start":{"line":23,"column":0},"end":{"line":23,"column":29}},"23":{"start":{"line":24,"column":0},"end":{"line":24,"column":57}},"24":{"start":{"line":25,"column":0},"end":{"line":25,"column":5}},"26":{"start":{"line":27,"column":0},"end":{"line":27,"column":72}},"27":{"start":{"line":28,"column":0},"end":{"line":28,"column":50}},"28":{"start":{"line":29,"column":0},"end":{"line":29,"column":69}},"29":{"start":{"line":30,"column":0},"end":{"line":30,"column":43}},"30":{"start":{"line":31,"column":0},"end":{"line":31,"column":56}},"31":{"start":{"line":32,"column":0},"end":{"line":32,"column":14}},"32":{"start":{"line":33,"column":0},"end":{"line":33,"column":12}},"33":{"start":{"line":34,"column":0},"end":{"line":34,"column":23}},"34":{"start":{"line":35,"column":0},"end":{"line":35,"column":52}},"35":{"start":{"line":36,"column":0},"end":{"line":36,"column":8}},"36":{"start":{"line":37,"column":0},"end":{"line":37,"column":5}},"37":{"start":{"line":38,"column":0},"end":{"line":38,"column":85}},"38":{"start":{"line":39,"column":0},"end":{"line":39,"column":45}},"39":{"start":{"line":40,"column":0},"end":{"line":40,"column":14}},"40":{"start":{"line":41,"column":0},"end":{"line":41,"column":12}},"41":{"start":{"line":42,"column":0},"end":{"line":42,"column":24}},"42":{"start":{"line":43,"column":0},"end":{"line":43,"column":27}},"43":{"start":{"line":44,"column":0},"end":{"line":44,"column":27}},"44":{"start":{"line":45,"column":0},"end":{"line":45,"column":8}},"45":{"start":{"line":46,"column":0},"end":{"line":46,"column":5}},"47":{"start":{"line":48,"column":0},"end":{"line":48,"column":57}},"48":{"start":{"line":49,"column":0},"end":{"line":49,"column":81}},"49":{"start":{"line":50,"column":0},"end":{"line":50,"column":78}},"50":{"start":{"line":51,"column":0},"end":{"line":51,"column":5}},"52":{"start":{"line":53,"column":0},"end":{"line":53,"column":14}},"53":{"start":{"line":54,"column":0},"end":{"line":54,"column":2}},"55":{"start":{"line":56,"column":0},"end":{"line":56,"column":68}},"56":{"start":{"line":57,"column":0},"end":{"line":57,"column":35}},"57":{"start":{"line":58,"column":0},"end":{"line":58,"column":15}},"58":{"start":{"line":59,"column":0},"end":{"line":59,"column":36}},"59":{"start":{"line":60,"column":0},"end":{"line":60,"column":3}}},"s":{"0":1,"2":1,"3":1,"4":1,"6":1,"7":1,"8":1,"9":1,"10":74,"11":74,"12":74,"13":74,"14":74,"15":74,"16":251,"17":65,"18":65,"19":65,"20":65,"22":251,"23":26,"24":26,"26":160,"27":160,"28":251,"29":59,"30":59,"31":59,"32":59,"33":59,"34":59,"35":59,"36":59,"37":101,"38":251,"39":52,"40":52,"41":52,"42":52,"43":52,"44":52,"45":52,"47":49,"48":49,"49":49,"50":74,"52":74,"53":74,"55":1,"56":1,"57":15,"58":15,"59":1},"branchMap":{"0":{"type":"branch","line":10,"loc":{"start":{"line":10,"column":18},"end":{"line":54,"column":2}},"locations":[{"start":{"line":10,"column":18},"end":{"line":54,"column":2}}]},"1":{"type":"branch","line":16,"loc":{"start":{"line":16,"column":30},"end":{"line":51,"column":3}},"locations":[{"start":{"line":16,"column":30},"end":{"line":51,"column":3}}]},"2":{"type":"branch","line":17,"loc":{"start":{"line":17,"column":28},"end":{"line":21,"column":5}},"locations":[{"start":{"line":17,"column":28},"end":{"line":21,"column":5}}]},"3":{"type":"branch","line":21,"loc":{"start":{"line":21,"column":4},"end":{"line":23,"column":28}},"locations":[{"start":{"line":21,"column":4},"end":{"line":23,"column":28}}]},"4":{"type":"branch","line":23,"loc":{"start":{"line":23,"column":28},"end":{"line":25,"column":5}},"locations":[{"start":{"line":23,"column":28},"end":{"line":25,"column":5}}]},"5":{"type":"branch","line":25,"loc":{"start":{"line":25,"column":4},"end":{"line":29,"column":36}},"locations":[{"start":{"line":25,"column":4},"end":{"line":29,"column":36}}]},"6":{"type":"branch","line":29,"loc":{"start":{"line":29,"column":36},"end":{"line":29,"column":66}},"locations":[{"start":{"line":29,"column":36},"end":{"line":29,"column":66}}]},"7":{"type":"branch","line":29,"loc":{"start":{"line":29,"column":68},"end":{"line":37,"column":5}},"locations":[{"start":{"line":29,"column":68},"end":{"line":37,"column":5}}]},"8":{"type":"branch","line":37,"loc":{"start":{"line":37,"column":4},"end":{"line":39,"column":44}},"locations":[{"start":{"line":37,"column":4},"end":{"line":39,"column":44}}]},"9":{"type":"branch","line":39,"loc":{"start":{"line":39,"column":44},"end":{"line":46,"column":5}},"locations":[{"start":{"line":39,"column":44},"end":{"line":46,"column":5}}]},"10":{"type":"branch","line":46,"loc":{"start":{"line":46,"column":4},"end":{"line":51,"column":2}},"locations":[{"start":{"line":46,"column":4},"end":{"line":51,"column":2}}]},"11":{"type":"branch","line":57,"loc":{"start":{"line":57,"column":15},"end":{"line":60,"column":2}},"locations":[{"start":{"line":57,"column":15},"end":{"line":60,"column":2}}]}},"b":{"0":[74],"1":[251],"2":[65],"3":[186],"4":[26],"5":[160],"6":[72],"7":[59],"8":[101],"9":[52],"10":[49],"11":[15]},"fnMap":{"0":{"name":"buildDiff","decl":{"start":{"line":10,"column":18},"end":{"line":54,"column":2}},"loc":{"start":{"line":10,"column":18},"end":{"line":54,"column":2}},"line":10},"1":{"name":"__vite_ssr_export_default__","decl":{"start":{"line":57,"column":15},"end":{"line":60,"column":2}},"loc":{"start":{"line":57,"column":15},"end":{"line":60,"column":2}},"line":57}},"f":{"0":74,"1":15}}
,"C:\\Users\\USER\\Desktop\\hexlet-shit\\src\\formatters\\index.js": {"path":"C:\\Users\\USER\\Desktop\\hexlet-shit\\src\\formatters\\index.js","all":false,"statementMap":{"0":{"start":{"line":1,"column":0},"end":{"line":1,"column":37}},"1":{"start":{"line":2,"column":0},"end":{"line":2,"column":41}},"3":{"start":{"line":4,"column":0},"end":{"line":4,"column":20}},"4":{"start":{"line":5,"column":0},"end":{"line":5,"column":21}},"5":{"start":{"line":6,"column":0},"end":{"line":6,"column":25}},"6":{"start":{"line":7,"column":0},"end":{"line":7,"column":70}},"7":{"start":{"line":8,"column":0},"end":{"line":8,"column":52}},"8":{"start":{"line":9,"column":0},"end":{"line":9,"column":23}},"9":{"start":{"line":10,"column":0},"end":{"line":10,"column":2}},"11":{"start":{"line":12,"column":0},"end":{"line":12,"column":69}},"12":{"start":{"line":13,"column":0},"end":{"line":13,"column":31}},"13":{"start":{"line":14,"column":0},"end":{"line":14,"column":34}},"14":{"start":{"line":15,"column":0},"end":{"line":15,"column":16}},"15":{"start":{"line":16,"column":0},"end":{"line":16,"column":37}},"16":{"start":{"line":17,"column":0},"end":{"line":17,"column":48}},"17":{"start":{"line":18,"column":0},"end":{"line":18,"column":3}},"18":{"start":{"line":19,"column":0},"end":{"line":19,"column":21}},"19":{"start":{"line":20,"column":0},"end":{"line":20,"column":2}}},"s":{"0":1,"1":1,"3":1,"4":1,"5":1,"6":1,"7":1,"8":1,"9":1,"11":1,"12":1,"13":15,"14":15,"15":1,"16":1,"17":1,"18":14,"19":14},"branchMap":{"0":{"type":"branch","line":13,"loc":{"start":{"line":13,"column":15},"end":{"line":20,"column":2}},"locations":[{"start":{"line":13,"column":15},"end":{"line":20,"column":2}}]},"1":{"type":"branch","line":15,"loc":{"start":{"line":15,"column":15},"end":{"line":18,"column":3}},"locations":[{"start":{"line":15,"column":15},"end":{"line":18,"column":3}}]},"2":{"type":"branch","line":18,"loc":{"start":{"line":18,"column":2},"end":{"line":20,"column":2}},"locations":[{"start":{"line":18,"column":2},"end":{"line":20,"column":2}}]}},"b":{"0":[15],"1":[1],"2":[14]},"fnMap":{"0":{"name":"__vite_ssr_export_default__","decl":{"start":{"line":13,"column":15},"end":{"line":20,"column":2}},"loc":{"start":{"line":13,"column":15},"end":{"line":20,"column":2}},"line":13}},"f":{"0":15}}
,"C:\\Users\\USER\\Desktop\\hexlet-shit\\src\\formatters\\plain.js": {"path":"C:\\Users\\USER\\Desktop\\hexlet-shit\\src\\formatters\\plain.js","all":false,"statementMap":{"0":{"start":{"line":1,"column":0},"end":{"line":1,"column":80}},"1":{"start":{"line":2,"column":0},"end":{"line":2,"column":30}},"2":{"start":{"line":3,"column":0},"end":{"line":3,"column":23}},"3":{"start":{"line":4,"column":0},"end":{"line":4,"column":17}},"4":{"start":{"line":5,"column":0},"end":{"line":5,"column":3}},"6":{"start":{"line":7,"column":0},"end":{"line":7,"column":34}},"7":{"start":{"line":8,"column":0},"end":{"line":8,"column":29}},"8":{"start":{"line":9,"column":0},"end":{"line":9,"column":3}},"10":{"start":{"line":11,"column":0},"end":{"line":11,"column":34}},"11":{"start":{"line":12,"column":0},"end":{"line":12,"column":24}},"12":{"start":{"line":13,"column":0},"end":{"line":13,"column":3}},"13":{"start":{"line":14,"column":0},"end":{"line":14,"column":47}},"14":{"start":{"line":15,"column":0},"end":{"line":15,"column":23}},"15":{"start":{"line":16,"column":0},"end":{"line":16,"column":2}},"17":{"start":{"line":18,"column":0},"end":{"line":18,"column":69}},"18":{"start":{"line":19,"column":0},"end":{"line":19,"column":71}},"19":{"start":{"line":20,"column":0},"end":{"line":20,"column":17}},"20":{"start":{"line":21,"column":0},"end":{"line":21,"column":79}},"21":{"start":{"line":22,"column":0},"end":{"line":22,"column":61}},"22":{"start":{"line":23,"column":0},"end":{"line":23,"column":22}},"23":{"start":{"line":24,"column":0},"end":{"line":24,"column":37}},"24":{"start":{"line":25,"column":0},"end":{"line":25,"column":55}},"25":{"start":{"line":26,"column":0},"end":{"line":26,"column":44}},"26":{"start":{"line":27,"column":0},"end":{"line":27,"column":59}},"27":{"start":{"line":28,"column":0},"end":{"line":28,"column":24}},"28":{"start":{"line":29,"column":0},"end":{"line":29,"column":33}},"29":{"start":{"line":30,"column":0},"end":{"line":30,"column":15}},"30":{"start":{"line":31,"column":0},"end":{"line":31,"column":11}},"31":{"start":{"line":32,"column":0},"end":{"line":32,"column":56}},"32":{"start":{"line":33,"column":0},"end":{"line":33,"column":26}},"33":{"start":{"line":34,"column":0},"end":{"line":34,"column":64}},"34":{"start":{"line":35,"column":0},"end":{"line":35,"column":47}},"35":{"start":{"line":36,"column":0},"end":{"line":36,"column":44}},"36":{"start":{"line":37,"column":0},"end":{"line":37,"column":61}},"37":{"start":{"line":38,"column":0},"end":{"line":38,"column":13}},"38":{"start":{"line":39,"column":0},"end":{"line":39,"column":32}},"39":{"start":{"line":40,"column":0},"end":{"line":40,"column":4}},"40":{"start":{"line":41,"column":0},"end":{"line":41,"column":2}},"42":{"start":{"line":43,"column":0},"end":{"line":43,"column":73}},"43":{"start":{"line":44,"column":0},"end":{"line":44,"column":46}},"44":{"start":{"line":45,"column":0},"end":{"line":45,"column":30}},"45":{"start":{"line":46,"column":0},"end":{"line":46,"column":37}},"46":{"start":{"line":47,"column":0},"end":{"line":47,"column":39}},"47":{"start":{"line":48,"column":0},"end":{"line":48,"column":37}},"48":{"start":{"line":49,"column":0},"end":{"line":49,"column":48}},"49":{"start":{"line":50,"column":0},"end":{"line":50,"column":34}},"50":{"start":{"line":51,"column":0},"end":{"line":51,"column":2}},"52":{"start":{"line":53,"column":0},"end":{"line":53,"column":27}}},"s":{"0":1,"1":1,"2":39,"3":3,"4":3,"6":39,"7":9,"8":9,"10":39,"11":21,"12":21,"13":6,"14":6,"15":6,"17":1,"18":1,"19":1,"20":1,"21":1,"22":1,"23":1,"24":1,"25":1,"26":1,"27":1,"28":15,"29":15,"30":15,"31":1,"32":1,"33":1,"34":1,"35":12,"36":12,"37":12,"38":12,"39":1,"40":1,"42":1,"43":1,"44":1,"45":3,"46":3,"47":3,"48":3,"49":3,"50":3,"52":1},"branchMap":{"0":{"type":"branch","line":1,"loc":{"start":{"line":1,"column":24},"end":{"line":1,"column":79}},"locations":[{"start":{"line":1,"column":24},"end":{"line":1,"column":79}}]},"1":{"type":"branch","line":2,"loc":{"start":{"line":2,"column":18},"end":{"line":16,"column":2}},"locations":[{"start":{"line":2,"column":18},"end":{"line":16,"column":2}}]},"2":{"type":"branch","line":3,"loc":{"start":{"line":3,"column":22},"end":{"line":5,"column":3}},"locations":[{"start":{"line":3,"column":22},"end":{"line":5,"column":3}}]},"3":{"type":"branch","line":5,"loc":{"start":{"line":5,"column":2},"end":{"line":7,"column":33}},"locations":[{"start":{"line":5,"column":2},"end":{"line":7,"column":33}}]},"4":{"type":"branch","line":7,"loc":{"start":{"line":7,"column":33},"end":{"line":9,"column":3}},"locations":[{"start":{"line":7,"column":33},"end":{"line":9,"column":3}}]},"5":{"type":"branch","line":9,"loc":{"start":{"line":9,"column":2},"end":{"line":11,"column":33}},"locations":[{"start":{"line":9,"column":2},"end":{"line":11,"column":33}}]},"6":{"type":"branch","line":11,"loc":{"start":{"line":11,"column":33},"end":{"line":13,"column":3}},"locations":[{"start":{"line":11,"column":33},"end":{"line":13,"column":3}}]},"7":{"type":"branch","line":13,"loc":{"start":{"line":13,"column":2},"end":{"line":16,"column":2}},"locations":[{"start":{"line":13,"column":2},"end":{"line":16,"column":2}}]},"8":{"type":"branch","line":23,"loc":{"start":{"line":23,"column":13},"end":{"line":23,"column":21}},"locations":[{"start":{"line":23,"column":13},"end":{"line":23,"column":21}}]},"9":{"type":"branch","line":24,"loc":{"start":{"line":24,"column":8},"end":{"line":25,"column":54}},"locations":[{"start":{"line":24,"column":8},"end":{"line":25,"column":54}}]},"10":{"type":"branch","line":25,"loc":{"start":{"line":25,"column":21},"end":{"line":25,"column":53}},"locations":[{"start":{"line":25,"column":21},"end":{"line":25,"column":53}}]},"11":{"type":"branch","line":26,"loc":{"start":{"line":26,"column":10},"end":{"line":27,"column":58}},"locations":[{"start":{"line":26,"column":10},"end":{"line":27,"column":58}}]},"12":{"type":"branch","line":27,"loc":{"start":{"line":27,"column":21},"end":{"line":27,"column":57}},"locations":[{"start":{"line":27,"column":21},"end":{"line":27,"column":57}}]},"13":{"type":"branch","line":28,"loc":{"start":{"line":28,"column":9},"end":{"line":32,"column":55}},"locations":[{"start":{"line":28,"column":9},"end":{"line":32,"column":55}}]},"14":{"type":"branch","line":33,"loc":{"start":{"line":33,"column":11},"end":{"line":34,"column":63}},"locations":[{"start":{"line":33,"column":11},"end":{"line":34,"column":63}}]},"15":{"type":"branch","line":35,"loc":{"start":{"line":35,"column":11},"end":{"line":40,"column":3}},"locations":[{"start":{"line":35,"column":11},"end":{"line":40,"column":3}}]},"16":{"type":"branch","line":45,"loc":{"start":{"line":45,"column":20},"end":{"line":51,"column":2}},"locations":[{"start":{"line":45,"column":20},"end":{"line":51,"column":2}}]},"17":{"type":"branch","line":48,"loc":{"start":{"line":48,"column":15},"end":{"line":49,"column":47}},"locations":[{"start":{"line":48,"column":15},"end":{"line":49,"column":47}}]}},"b":{"0":[33],"1":[39],"2":[3],"3":[36],"4":[9],"5":[27],"6":[21],"7":[6],"8":[9],"9":[3],"10":[12],"11":[12],"12":[42],"13":[15],"14":[6],"15":[12],"16":[3],"17":[57]},"fnMap":{"0":{"name":"getPropertyName","decl":{"start":{"line":1,"column":24},"end":{"line":1,"column":79}},"loc":{"start":{"line":1,"column":24},"end":{"line":1,"column":79}},"line":1},"1":{"name":"stringify","decl":{"start":{"line":2,"column":18},"end":{"line":16,"column":2}},"loc":{"start":{"line":2,"column":18},"end":{"line":16,"column":2}},"line":2},"2":{"name":"unchanged","decl":{"start":{"line":23,"column":13},"end":{"line":23,"column":21}},"loc":{"start":{"line":23,"column":13},"end":{"line":23,"column":21}},"line":23},"3":{"name":"root","decl":{"start":{"line":24,"column":8},"end":{"line":25,"column":54}},"loc":{"start":{"line":24,"column":8},"end":{"line":25,"column":54}},"line":24},"4":{"name":"nested","decl":{"start":{"line":26,"column":10},"end":{"line":27,"column":58}},"loc":{"start":{"line":26,"column":10},"end":{"line":27,"column":58}},"line":26},"5":{"name":"added","decl":{"start":{"line":28,"column":9},"end":{"line":32,"column":55}},"loc":{"start":{"line":28,"column":9},"end":{"line":32,"column":55}},"line":28},"6":{"name":"deleted","decl":{"start":{"line":33,"column":11},"end":{"line":34,"column":63}},"loc":{"start":{"line":33,"column":11},"end":{"line":34,"column":63}},"line":33},"7":{"name":"changed","decl":{"start":{"line":35,"column":11},"end":{"line":40,"column":3}},"loc":{"start":{"line":35,"column":11},"end":{"line":40,"column":3}},"line":35},"8":{"name":"renderPlain","decl":{"start":{"line":45,"column":20},"end":{"line":51,"column":2}},"loc":{"start":{"line":45,"column":20},"end":{"line":51,"column":2}},"line":45},"9":{"name":"iter","decl":{"start":{"line":48,"column":15},"end":{"line":49,"column":47}},"loc":{"start":{"line":48,"column":15},"end":{"line":49,"column":47}},"line":48}},"f":{"0":33,"1":39,"2":9,"3":3,"4":12,"5":15,"6":6,"7":12,"8":3,"9":57}}
,"C:\\Users\\USER\\Desktop\\hexlet-shit\\src\\formatters\\stylish.js": {"path":"C:\\Users\\USER\\Desktop\\hexlet-shit\\src\\formatters\\stylish.js","all":false,"statementMap":{"0":{"start":{"line":1,"column":0},"end":{"line":1,"column":23}},"2":{"start":{"line":3,"column":0},"end":{"line":3,"column":60}},"3":{"start":{"line":4,"column":0},"end":{"line":4,"column":48}},"4":{"start":{"line":5,"column":0},"end":{"line":5,"column":79}},"6":{"start":{"line":7,"column":0},"end":{"line":7,"column":42}},"7":{"start":{"line":8,"column":0},"end":{"line":8,"column":62}},"8":{"start":{"line":9,"column":0},"end":{"line":9,"column":45}},"9":{"start":{"line":10,"column":0},"end":{"line":10,"column":21}},"10":{"start":{"line":11,"column":0},"end":{"line":11,"column":26}},"11":{"start":{"line":12,"column":0},"end":{"line":12,"column":49}},"12":{"start":{"line":13,"column":0},"end":{"line":13,"column":24}},"13":{"start":{"line":14,"column":0},"end":{"line":14,"column":3}},"15":{"start":{"line":16,"column":0},"end":{"line":16,"column":59}},"16":{"start":{"line":17,"column":0},"end":{"line":17,"column":49}},"17":{"start":{"line":18,"column":0},"end":{"line":18,"column":4}},"19":{"start":{"line":20,"column":0},"end":{"line":20,"column":56}},"20":{"start":{"line":21,"column":0},"end":{"line":21,"column":2}},"22":{"start":{"line":23,"column":0},"end":{"line":23,"column":53}},"23":{"start":{"line":24,"column":0},"end":{"line":24,"column":59}},"25":{"start":{"line":26,"column":0},"end":{"line":26,"column":17}},"26":{"start":{"line":27,"column":0},"end":{"line":27,"column":40}},"27":{"start":{"line":28,"column":0},"end":{"line":28,"column":45}},"28":{"start":{"line":29,"column":0},"end":{"line":29,"column":48}},"29":{"start":{"line":30,"column":0},"end":{"line":30,"column":6}},"30":{"start":{"line":31,"column":0},"end":{"line":31,"column":40}},"31":{"start":{"line":32,"column":0},"end":{"line":32,"column":4}},"32":{"start":{"line":33,"column":0},"end":{"line":33,"column":47}},"33":{"start":{"line":34,"column":0},"end":{"line":34,"column":45}},"34":{"start":{"line":35,"column":0},"end":{"line":35,"column":48}},"35":{"start":{"line":36,"column":0},"end":{"line":36,"column":6}},"36":{"start":{"line":37,"column":0},"end":{"line":37,"column":72}},"37":{"start":{"line":38,"column":0},"end":{"line":38,"column":12}},"38":{"start":{"line":39,"column":0},"end":{"line":39,"column":11}},"39":{"start":{"line":40,"column":0},"end":{"line":40,"column":4}},"40":{"start":{"line":41,"column":0},"end":{"line":41,"column":25}},"41":{"start":{"line":42,"column":0},"end":{"line":42,"column":78}},"42":{"start":{"line":43,"column":0},"end":{"line":43,"column":27}},"43":{"start":{"line":44,"column":0},"end":{"line":44,"column":78}},"44":{"start":{"line":45,"column":0},"end":{"line":45,"column":29}},"45":{"start":{"line":46,"column":0},"end":{"line":46,"column":78}},"46":{"start":{"line":47,"column":0},"end":{"line":47,"column":29}},"47":{"start":{"line":48,"column":0},"end":{"line":48,"column":41}},"49":{"start":{"line":50,"column":0},"end":{"line":50,"column":57}},"50":{"start":{"line":51,"column":0},"end":{"line":51,"column":13}},"51":{"start":{"line":52,"column":0},"end":{"line":52,"column":12}},"52":{"start":{"line":53,"column":0},"end":{"line":53,"column":14}},"53":{"start":{"line":54,"column":0},"end":{"line":54,"column":8}},"54":{"start":{"line":55,"column":0},"end":{"line":55,"column":57}},"55":{"start":{"line":56,"column":0},"end":{"line":56,"column":13}},"56":{"start":{"line":57,"column":0},"end":{"line":57,"column":12}},"57":{"start":{"line":58,"column":0},"end":{"line":58,"column":14}},"58":{"start":{"line":59,"column":0},"end":{"line":59,"column":8}},"60":{"start":{"line":61,"column":0},"end":{"line":61,"column":26}},"61":{"start":{"line":62,"column":0},"end":{"line":62,"column":4}},"62":{"start":{"line":63,"column":0},"end":{"line":63,"column":2}},"64":{"start":{"line":65,"column":0},"end":{"line":65,"column":73}},"65":{"start":{"line":66,"column":0},"end":{"line":66,"column":46}},"66":{"start":{"line":67,"column":0},"end":{"line":67,"column":29}},"67":{"start":{"line":68,"column":0},"end":{"line":68,"column":62}},"68":{"start":{"line":69,"column":0},"end":{"line":69,"column":54}},"69":{"start":{"line":70,"column":0},"end":{"line":70,"column":66}},"70":{"start":{"line":71,"column":0},"end":{"line":71,"column":97}},"71":{"start":{"line":72,"column":0},"end":{"line":72,"column":49}},"72":{"start":{"line":73,"column":0},"end":{"line":73,"column":67}},"73":{"start":{"line":74,"column":0},"end":{"line":74,"column":70}},"74":{"start":{"line":75,"column":0},"end":{"line":75,"column":22}},"75":{"start":{"line":76,"column":0},"end":{"line":76,"column":2}},"77":{"start":{"line":78,"column":0},"end":{"line":78,"column":26}}},"s":{"0":1,"2":1,"3":1,"4":1,"6":1,"7":1,"8":1,"9":172,"10":172,"11":130,"12":130,"13":130,"15":42,"16":42,"17":42,"19":42,"20":42,"22":1,"23":1,"25":1,"26":1,"27":8,"28":8,"29":8,"30":8,"31":1,"32":1,"33":31,"34":31,"35":31,"36":31,"37":31,"38":31,"39":1,"40":1,"41":1,"42":1,"43":1,"44":1,"45":1,"46":1,"47":24,"49":24,"50":24,"51":24,"52":24,"53":24,"54":24,"55":24,"56":24,"57":24,"58":24,"60":24,"61":1,"62":1,"64":1,"65":1,"66":1,"67":8,"68":8,"69":8,"70":8,"71":8,"72":8,"73":8,"74":8,"75":8,"77":1},"branchMap":{"0":{"type":"branch","line":5,"loc":{"start":{"line":5,"column":15},"end":{"line":5,"column":78}},"locations":[{"start":{"line":5,"column":15},"end":{"line":5,"column":78}}]},"1":{"type":"branch","line":9,"loc":{"start":{"line":9,"column":18},"end":{"line":21,"column":2}},"locations":[{"start":{"line":9,"column":18},"end":{"line":21,"column":2}}]},"2":{"type":"branch","line":11,"loc":{"start":{"line":11,"column":25},"end":{"line":14,"column":3}},"locations":[{"start":{"line":11,"column":25},"end":{"line":14,"column":3}}]},"3":{"type":"branch","line":14,"loc":{"start":{"line":14,"column":2},"end":{"line":21,"column":2}},"locations":[{"start":{"line":14,"column":2},"end":{"line":21,"column":2}}]},"4":{"type":"branch","line":16,"loc":{"start":{"line":16,"column":42},"end":{"line":17,"column":48}},"locations":[{"start":{"line":16,"column":42},"end":{"line":17,"column":48}}]},"5":{"type":"branch","line":27,"loc":{"start":{"line":27,"column":8},"end":{"line":32,"column":3}},"locations":[{"start":{"line":27,"column":8},"end":{"line":32,"column":3}}]},"6":{"type":"branch","line":28,"loc":{"start":{"line":28,"column":36},"end":{"line":29,"column":47}},"locations":[{"start":{"line":28,"column":36},"end":{"line":29,"column":47}}]},"7":{"type":"branch","line":33,"loc":{"start":{"line":33,"column":10},"end":{"line":40,"column":3}},"locations":[{"start":{"line":33,"column":10},"end":{"line":40,"column":3}}]},"8":{"type":"branch","line":34,"loc":{"start":{"line":34,"column":36},"end":{"line":35,"column":47}},"locations":[{"start":{"line":34,"column":36},"end":{"line":35,"column":47}}]},"9":{"type":"branch","line":41,"loc":{"start":{"line":41,"column":9},"end":{"line":42,"column":77}},"locations":[{"start":{"line":41,"column":9},"end":{"line":42,"column":77}}]},"10":{"type":"branch","line":43,"loc":{"start":{"line":43,"column":11},"end":{"line":44,"column":77}},"locations":[{"start":{"line":43,"column":11},"end":{"line":44,"column":77}}]},"11":{"type":"branch","line":45,"loc":{"start":{"line":45,"column":13},"end":{"line":46,"column":77}},"locations":[{"start":{"line":45,"column":13},"end":{"line":46,"column":77}}]},"12":{"type":"branch","line":47,"loc":{"start":{"line":47,"column":11},"end":{"line":62,"column":3}},"locations":[{"start":{"line":47,"column":11},"end":{"line":62,"column":3}}]},"13":{"type":"branch","line":67,"loc":{"start":{"line":67,"column":19},"end":{"line":76,"column":2}},"locations":[{"start":{"line":67,"column":19},"end":{"line":76,"column":2}}]},"14":{"type":"branch","line":74,"loc":{"start":{"line":74,"column":15},"end":{"line":74,"column":69}},"locations":[{"start":{"line":74,"column":15},"end":{"line":74,"column":69}}]}},"b":{"0":[276],"1":[172],"2":[130],"3":[42],"4":[54],"5":[8],"6":[27],"7":[31],"8":[98],"9":[30],"10":[12],"11":[82],"12":[24],"13":[8],"14":[8]},"fnMap":{"0":{"name":"indent","decl":{"start":{"line":5,"column":15},"end":{"line":5,"column":78}},"loc":{"start":{"line":5,"column":15},"end":{"line":5,"column":78}},"line":5},"1":{"name":"stringify","decl":{"start":{"line":9,"column":18},"end":{"line":21,"column":2}},"loc":{"start":{"line":9,"column":18},"end":{"line":21,"column":2}},"line":9},"2":{"name":"root","decl":{"start":{"line":27,"column":8},"end":{"line":32,"column":3}},"loc":{"start":{"line":27,"column":8},"end":{"line":32,"column":3}},"line":27},"3":{"name":"nested","decl":{"start":{"line":33,"column":10},"end":{"line":40,"column":3}},"loc":{"start":{"line":33,"column":10},"end":{"line":40,"column":3}},"line":33},"4":{"name":"added","decl":{"start":{"line":41,"column":9},"end":{"line":42,"column":77}},"loc":{"start":{"line":41,"column":9},"end":{"line":42,"column":77}},"line":41},"5":{"name":"deleted","decl":{"start":{"line":43,"column":11},"end":{"line":44,"column":77}},"loc":{"start":{"line":43,"column":11},"end":{"line":44,"column":77}},"line":43},"6":{"name":"unchanged","decl":{"start":{"line":45,"column":13},"end":{"line":46,"column":77}},"loc":{"start":{"line":45,"column":13},"end":{"line":46,"column":77}},"line":45},"7":{"name":"changed","decl":{"start":{"line":47,"column":11},"end":{"line":62,"column":3}},"loc":{"start":{"line":47,"column":11},"end":{"line":62,"column":3}},"line":47},"8":{"name":"renderTree","decl":{"start":{"line":67,"column":19},"end":{"line":76,"column":2}},"loc":{"start":{"line":67,"column":19},"end":{"line":76,"column":2}},"line":67},"9":{"name":"iter","decl":{"start":{"line":74,"column":15},"end":{"line":74,"column":69}},"loc":{"start":{"line":74,"column":15},"end":{"line":74,"column":69}},"line":74}},"f":{"0":276,"1":172,"2":8,"3":31,"4":30,"5":12,"6":82,"7":24,"8":8,"9":8}}
}
